{"total": {"lines":{"total":836,"covered":785,"skipped":0,"pct":93.9},"statements":{"total":841,"covered":790,"skipped":0,"pct":93.94},"functions":{"total":104,"covered":101,"skipped":0,"pct":97.12},"branches":{"total":419,"covered":372,"skipped":0,"pct":88.78}}
,"/home/nicarao/STI2/Dev/ds-utilities/src/dist.ts": {"lines":{"total":12,"covered":12,"skipped":0,"pct":100},"functions":{"total":2,"covered":2,"skipped":0,"pct":100},"statements":{"total":12,"covered":12,"skipped":0,"pct":100},"branches":{"total":2,"covered":2,"skipped":0,"pct":100}}
,"/home/nicarao/STI2/Dev/ds-utilities/src/index.ts": {"lines":{"total":1,"covered":1,"skipped":0,"pct":100},"functions":{"total":0,"covered":0,"skipped":0,"pct":100},"statements":{"total":1,"covered":1,"skipped":0,"pct":100},"branches":{"total":0,"covered":0,"skipped":0,"pct":100}}
,"/home/nicarao/STI2/Dev/ds-utilities/src/base/DsUtilitiesBase.ts": {"lines":{"total":8,"covered":8,"skipped":0,"pct":100},"functions":{"total":2,"covered":2,"skipped":0,"pct":100},"statements":{"total":8,"covered":8,"skipped":0,"pct":100},"branches":{"total":0,"covered":0,"skipped":0,"pct":100}}
,"/home/nicarao/STI2/Dev/ds-utilities/src/base/data/LanguageTaggedString.nodeSchema.ts": {"lines":{"total":1,"covered":1,"skipped":0,"pct":100},"functions":{"total":0,"covered":0,"skipped":0,"pct":100},"statements":{"total":1,"covered":1,"skipped":0,"pct":100},"branches":{"total":0,"covered":0,"skipped":0,"pct":100}}
,"/home/nicarao/STI2/Dev/ds-utilities/src/base/functions/extractSdoVersionNumber.fn.ts": {"lines":{"total":12,"covered":12,"skipped":0,"pct":100},"functions":{"total":1,"covered":1,"skipped":0,"pct":100},"statements":{"total":12,"covered":12,"skipped":0,"pct":100},"branches":{"total":12,"covered":10,"skipped":0,"pct":83.33}}
,"/home/nicarao/STI2/Dev/ds-utilities/src/base/functions/getDsSpecificationVersion.fn.ts": {"lines":{"total":14,"covered":14,"skipped":0,"pct":100},"functions":{"total":3,"covered":3,"skipped":0,"pct":100},"statements":{"total":14,"covered":14,"skipped":0,"pct":100},"branches":{"total":9,"covered":9,"skipped":0,"pct":100}}
,"/home/nicarao/STI2/Dev/ds-utilities/src/base/functions/prettyPrintCompactedIRIs.fn.ts": {"lines":{"total":6,"covered":6,"skipped":0,"pct":100},"functions":{"total":1,"covered":1,"skipped":0,"pct":100},"statements":{"total":6,"covered":6,"skipped":0,"pct":100},"branches":{"total":4,"covered":4,"skipped":0,"pct":100}}
,"/home/nicarao/STI2/Dev/ds-utilities/src/base/helper/helper.ts": {"lines":{"total":41,"covered":38,"skipped":0,"pct":92.68},"functions":{"total":7,"covered":7,"skipped":0,"pct":100},"statements":{"total":42,"covered":39,"skipped":0,"pct":92.86},"branches":{"total":30,"covered":26,"skipped":0,"pct":86.67}}
,"/home/nicarao/STI2/Dev/ds-utilities/src/v5/DsUtilitiesV5.ts": {"lines":{"total":28,"covered":28,"skipped":0,"pct":100},"functions":{"total":1,"covered":1,"skipped":0,"pct":100},"statements":{"total":28,"covered":28,"skipped":0,"pct":100},"branches":{"total":0,"covered":0,"skipped":0,"pct":100}}
,"/home/nicarao/STI2/Dev/ds-utilities/src/v5/data/datatypes.data.ts": {"lines":{"total":4,"covered":4,"skipped":0,"pct":100},"functions":{"total":0,"covered":0,"skipped":0,"pct":100},"statements":{"total":4,"covered":4,"skipped":0,"pct":100},"branches":{"total":0,"covered":0,"skipped":0,"pct":100}}
,"/home/nicarao/STI2/Dev/ds-utilities/src/v5/data/dsGrammar.data.ts": {"lines":{"total":11,"covered":0,"skipped":0,"pct":0},"functions":{"total":0,"covered":0,"skipped":0,"pct":100},"statements":{"total":11,"covered":0,"skipped":0,"pct":0},"branches":{"total":0,"covered":0,"skipped":0,"pct":100}}
,"/home/nicarao/STI2/Dev/ds-utilities/src/v5/data/standardContext.data.ts": {"lines":{"total":1,"covered":1,"skipped":0,"pct":100},"functions":{"total":0,"covered":0,"skipped":0,"pct":100},"statements":{"total":1,"covered":1,"skipped":0,"pct":100},"branches":{"total":0,"covered":0,"skipped":0,"pct":100}}
,"/home/nicarao/STI2/Dev/ds-utilities/src/v5/functions/structure/getDsDataTypeForSchemaDataType.fn.ts": {"lines":{"total":7,"covered":2,"skipped":0,"pct":28.57},"functions":{"total":2,"covered":0,"skipped":0,"pct":0},"statements":{"total":7,"covered":2,"skipped":0,"pct":28.57},"branches":{"total":2,"covered":0,"skipped":0,"pct":0}}
,"/home/nicarao/STI2/Dev/ds-utilities/src/v5/functions/structure/getDsId.fn.ts": {"lines":{"total":4,"covered":4,"skipped":0,"pct":100},"functions":{"total":1,"covered":1,"skipped":0,"pct":100},"statements":{"total":4,"covered":4,"skipped":0,"pct":100},"branches":{"total":2,"covered":2,"skipped":0,"pct":100}}
,"/home/nicarao/STI2/Dev/ds-utilities/src/v5/functions/structure/getDsRootNode.fn.ts": {"lines":{"total":8,"covered":8,"skipped":0,"pct":100},"functions":{"total":2,"covered":2,"skipped":0,"pct":100},"statements":{"total":8,"covered":8,"skipped":0,"pct":100},"branches":{"total":7,"covered":7,"skipped":0,"pct":100}}
,"/home/nicarao/STI2/Dev/ds-utilities/src/v5/functions/structure/getDsStandardContext.fn.ts": {"lines":{"total":4,"covered":4,"skipped":0,"pct":100},"functions":{"total":1,"covered":1,"skipped":0,"pct":100},"statements":{"total":4,"covered":4,"skipped":0,"pct":100},"branches":{"total":0,"covered":0,"skipped":0,"pct":100}}
,"/home/nicarao/STI2/Dev/ds-utilities/src/v5/functions/structure/getSchemaDataTypeForDsDataType.fn.ts": {"lines":{"total":6,"covered":2,"skipped":0,"pct":33.33},"functions":{"total":1,"covered":0,"skipped":0,"pct":0},"statements":{"total":6,"covered":2,"skipped":0,"pct":33.33},"branches":{"total":2,"covered":0,"skipped":0,"pct":0}}
,"/home/nicarao/STI2/Dev/ds-utilities/src/v5/functions/ui/getDsAuthorName.fn.ts": {"lines":{"total":6,"covered":6,"skipped":0,"pct":100},"functions":{"total":1,"covered":1,"skipped":0,"pct":100},"statements":{"total":6,"covered":6,"skipped":0,"pct":100},"branches":{"total":4,"covered":4,"skipped":0,"pct":100}}
,"/home/nicarao/STI2/Dev/ds-utilities/src/v5/functions/ui/getDsDescription.fn.ts": {"lines":{"total":4,"covered":4,"skipped":0,"pct":100},"functions":{"total":1,"covered":1,"skipped":0,"pct":100},"statements":{"total":4,"covered":4,"skipped":0,"pct":100},"branches":{"total":0,"covered":0,"skipped":0,"pct":100}}
,"/home/nicarao/STI2/Dev/ds-utilities/src/v5/functions/ui/getDsExternalVocabularies.fn.ts": {"lines":{"total":7,"covered":6,"skipped":0,"pct":85.71},"functions":{"total":1,"covered":1,"skipped":0,"pct":100},"statements":{"total":7,"covered":6,"skipped":0,"pct":85.71},"branches":{"total":2,"covered":1,"skipped":0,"pct":50}}
,"/home/nicarao/STI2/Dev/ds-utilities/src/v5/functions/ui/getDsName.fn.ts": {"lines":{"total":4,"covered":4,"skipped":0,"pct":100},"functions":{"total":1,"covered":1,"skipped":0,"pct":100},"statements":{"total":4,"covered":4,"skipped":0,"pct":100},"branches":{"total":0,"covered":0,"skipped":0,"pct":100}}
,"/home/nicarao/STI2/Dev/ds-utilities/src/v5/functions/ui/getDsSchemaVersion.fn.ts": {"lines":{"total":7,"covered":7,"skipped":0,"pct":100},"functions":{"total":1,"covered":1,"skipped":0,"pct":100},"statements":{"total":7,"covered":7,"skipped":0,"pct":100},"branches":{"total":2,"covered":2,"skipped":0,"pct":100}}
,"/home/nicarao/STI2/Dev/ds-utilities/src/v5/functions/ui/getDsTargetClasses.fn.ts": {"lines":{"total":9,"covered":8,"skipped":0,"pct":88.89},"functions":{"total":1,"covered":1,"skipped":0,"pct":100},"statements":{"total":9,"covered":8,"skipped":0,"pct":88.89},"branches":{"total":4,"covered":3,"skipped":0,"pct":75}}
,"/home/nicarao/STI2/Dev/ds-utilities/src/v5/functions/ui/getDsVersion.fn.ts": {"lines":{"total":4,"covered":4,"skipped":0,"pct":100},"functions":{"total":1,"covered":1,"skipped":0,"pct":100},"statements":{"total":4,"covered":4,"skipped":0,"pct":100},"branches":{"total":0,"covered":0,"skipped":0,"pct":100}}
,"/home/nicarao/STI2/Dev/ds-utilities/src/v7/DsUtilitiesV7.ts": {"lines":{"total":52,"covered":52,"skipped":0,"pct":100},"functions":{"total":1,"covered":1,"skipped":0,"pct":100},"statements":{"total":52,"covered":52,"skipped":0,"pct":100},"branches":{"total":0,"covered":0,"skipped":0,"pct":100}}
,"/home/nicarao/STI2/Dev/ds-utilities/src/v7/data/datatypes.data.ts": {"lines":{"total":4,"covered":4,"skipped":0,"pct":100},"functions":{"total":0,"covered":0,"skipped":0,"pct":100},"statements":{"total":4,"covered":4,"skipped":0,"pct":100},"branches":{"total":0,"covered":0,"skipped":0,"pct":100}}
,"/home/nicarao/STI2/Dev/ds-utilities/src/v7/data/dsGrammar.data.ts": {"lines":{"total":15,"covered":15,"skipped":0,"pct":100},"functions":{"total":0,"covered":0,"skipped":0,"pct":100},"statements":{"total":15,"covered":15,"skipped":0,"pct":100},"branches":{"total":0,"covered":0,"skipped":0,"pct":100}}
,"/home/nicarao/STI2/Dev/ds-utilities/src/v7/data/pathGrammar.data.ts": {"lines":{"total":14,"covered":14,"skipped":0,"pct":100},"functions":{"total":0,"covered":0,"skipped":0,"pct":100},"statements":{"total":14,"covered":14,"skipped":0,"pct":100},"branches":{"total":0,"covered":0,"skipped":0,"pct":100}}
,"/home/nicarao/STI2/Dev/ds-utilities/src/v7/data/standardContext.data.ts": {"lines":{"total":1,"covered":1,"skipped":0,"pct":100},"functions":{"total":0,"covered":0,"skipped":0,"pct":100},"statements":{"total":1,"covered":1,"skipped":0,"pct":100},"branches":{"total":0,"covered":0,"skipped":0,"pct":100}}
,"/home/nicarao/STI2/Dev/ds-utilities/src/v7/data/nodeSchemas/Class.nodeSchema.ts": {"lines":{"total":1,"covered":1,"skipped":0,"pct":100},"functions":{"total":0,"covered":0,"skipped":0,"pct":100},"statements":{"total":1,"covered":1,"skipped":0,"pct":100},"branches":{"total":0,"covered":0,"skipped":0,"pct":100}}
,"/home/nicarao/STI2/Dev/ds-utilities/src/v7/data/nodeSchemas/Context.nodeSchema.ts": {"lines":{"total":10,"covered":10,"skipped":0,"pct":100},"functions":{"total":1,"covered":1,"skipped":0,"pct":100},"statements":{"total":10,"covered":10,"skipped":0,"pct":100},"branches":{"total":2,"covered":2,"skipped":0,"pct":100}}
,"/home/nicarao/STI2/Dev/ds-utilities/src/v7/data/nodeSchemas/DataType.nodeSchema.ts": {"lines":{"total":1,"covered":1,"skipped":0,"pct":100},"functions":{"total":0,"covered":0,"skipped":0,"pct":100},"statements":{"total":1,"covered":1,"skipped":0,"pct":100},"branches":{"total":0,"covered":0,"skipped":0,"pct":100}}
,"/home/nicarao/STI2/Dev/ds-utilities/src/v7/data/nodeSchemas/Ds.nodeSchema.ts": {"lines":{"total":1,"covered":1,"skipped":0,"pct":100},"functions":{"total":0,"covered":0,"skipped":0,"pct":100},"statements":{"total":1,"covered":1,"skipped":0,"pct":100},"branches":{"total":0,"covered":0,"skipped":0,"pct":100}}
,"/home/nicarao/STI2/Dev/ds-utilities/src/v7/data/nodeSchemas/Enumeration.nodeSchema.ts": {"lines":{"total":1,"covered":1,"skipped":0,"pct":100},"functions":{"total":0,"covered":0,"skipped":0,"pct":100},"statements":{"total":1,"covered":1,"skipped":0,"pct":100},"branches":{"total":0,"covered":0,"skipped":0,"pct":100}}
,"/home/nicarao/STI2/Dev/ds-utilities/src/v7/data/nodeSchemas/EnumerationMember.nodeSchema.ts": {"lines":{"total":1,"covered":1,"skipped":0,"pct":100},"functions":{"total":0,"covered":0,"skipped":0,"pct":100},"statements":{"total":1,"covered":1,"skipped":0,"pct":100},"branches":{"total":0,"covered":0,"skipped":0,"pct":100}}
,"/home/nicarao/STI2/Dev/ds-utilities/src/v7/data/nodeSchemas/Property.nodeSchema.ts": {"lines":{"total":1,"covered":1,"skipped":0,"pct":100},"functions":{"total":0,"covered":0,"skipped":0,"pct":100},"statements":{"total":1,"covered":1,"skipped":0,"pct":100},"branches":{"total":0,"covered":0,"skipped":0,"pct":100}}
,"/home/nicarao/STI2/Dev/ds-utilities/src/v7/data/nodeSchemas/Root.nodeSchema.ts": {"lines":{"total":1,"covered":1,"skipped":0,"pct":100},"functions":{"total":0,"covered":0,"skipped":0,"pct":100},"statements":{"total":1,"covered":1,"skipped":0,"pct":100},"branches":{"total":0,"covered":0,"skipped":0,"pct":100}}
,"/home/nicarao/STI2/Dev/ds-utilities/src/v7/data/nodeSchemas/Semantify.nodeSchema.ts": {"lines":{"total":1,"covered":1,"skipped":0,"pct":100},"functions":{"total":0,"covered":0,"skipped":0,"pct":100},"statements":{"total":1,"covered":1,"skipped":0,"pct":100},"branches":{"total":0,"covered":0,"skipped":0,"pct":100}}
,"/home/nicarao/STI2/Dev/ds-utilities/src/v7/functions/path/dsPathAddition.fn.ts": {"lines":{"total":17,"covered":16,"skipped":0,"pct":94.12},"functions":{"total":1,"covered":1,"skipped":0,"pct":100},"statements":{"total":17,"covered":16,"skipped":0,"pct":94.12},"branches":{"total":16,"covered":15,"skipped":0,"pct":93.75}}
,"/home/nicarao/STI2/Dev/ds-utilities/src/v7/functions/path/dsPathGetNode.fn.ts": {"lines":{"total":61,"covered":58,"skipped":0,"pct":95.08},"functions":{"total":14,"covered":14,"skipped":0,"pct":100},"statements":{"total":62,"covered":59,"skipped":0,"pct":95.16},"branches":{"total":61,"covered":53,"skipped":0,"pct":86.89}}
,"/home/nicarao/STI2/Dev/ds-utilities/src/v7/functions/path/dsPathIdentifyNodeType.fn.ts": {"lines":{"total":37,"covered":34,"skipped":0,"pct":91.89},"functions":{"total":2,"covered":2,"skipped":0,"pct":100},"statements":{"total":37,"covered":34,"skipped":0,"pct":91.89},"branches":{"total":38,"covered":33,"skipped":0,"pct":86.84}}
,"/home/nicarao/STI2/Dev/ds-utilities/src/v7/functions/path/dsPathInit.fn.ts": {"lines":{"total":9,"covered":8,"skipped":0,"pct":88.89},"functions":{"total":1,"covered":1,"skipped":0,"pct":100},"statements":{"total":9,"covered":8,"skipped":0,"pct":88.89},"branches":{"total":11,"covered":9,"skipped":0,"pct":81.82}}
,"/home/nicarao/STI2/Dev/ds-utilities/src/v7/functions/path/tokenizeDsPath.fn.ts": {"lines":{"total":44,"covered":43,"skipped":0,"pct":97.73},"functions":{"total":2,"covered":2,"skipped":0,"pct":100},"statements":{"total":44,"covered":43,"skipped":0,"pct":97.73},"branches":{"total":36,"covered":35,"skipped":0,"pct":97.22}}
,"/home/nicarao/STI2/Dev/ds-utilities/src/v7/functions/structure/generateInnerNodeId.fn.ts": {"lines":{"total":9,"covered":9,"skipped":0,"pct":100},"functions":{"total":1,"covered":1,"skipped":0,"pct":100},"statements":{"total":9,"covered":9,"skipped":0,"pct":100},"branches":{"total":4,"covered":4,"skipped":0,"pct":100}}
,"/home/nicarao/STI2/Dev/ds-utilities/src/v7/functions/structure/getDsDataTypeForSchemaDataType.fn.ts": {"lines":{"total":7,"covered":7,"skipped":0,"pct":100},"functions":{"total":2,"covered":2,"skipped":0,"pct":100},"statements":{"total":7,"covered":7,"skipped":0,"pct":100},"branches":{"total":2,"covered":2,"skipped":0,"pct":100}}
,"/home/nicarao/STI2/Dev/ds-utilities/src/v7/functions/structure/getDsId.fn.ts": {"lines":{"total":6,"covered":6,"skipped":0,"pct":100},"functions":{"total":1,"covered":1,"skipped":0,"pct":100},"statements":{"total":6,"covered":6,"skipped":0,"pct":100},"branches":{"total":2,"covered":2,"skipped":0,"pct":100}}
,"/home/nicarao/STI2/Dev/ds-utilities/src/v7/functions/structure/getDsRootNode.fn.ts": {"lines":{"total":8,"covered":8,"skipped":0,"pct":100},"functions":{"total":2,"covered":2,"skipped":0,"pct":100},"statements":{"total":8,"covered":8,"skipped":0,"pct":100},"branches":{"total":4,"covered":4,"skipped":0,"pct":100}}
,"/home/nicarao/STI2/Dev/ds-utilities/src/v7/functions/structure/getDsStandardContext.fn.ts": {"lines":{"total":4,"covered":4,"skipped":0,"pct":100},"functions":{"total":1,"covered":1,"skipped":0,"pct":100},"statements":{"total":4,"covered":4,"skipped":0,"pct":100},"branches":{"total":0,"covered":0,"skipped":0,"pct":100}}
,"/home/nicarao/STI2/Dev/ds-utilities/src/v7/functions/structure/getSchemaDataTypeForDsDataType.fn.ts": {"lines":{"total":6,"covered":6,"skipped":0,"pct":100},"functions":{"total":1,"covered":1,"skipped":0,"pct":100},"statements":{"total":6,"covered":6,"skipped":0,"pct":100},"branches":{"total":2,"covered":2,"skipped":0,"pct":100}}
,"/home/nicarao/STI2/Dev/ds-utilities/src/v7/functions/structure/identifyDsGrammarNodeType.fn.ts": {"lines":{"total":41,"covered":32,"skipped":0,"pct":78.05},"functions":{"total":2,"covered":2,"skipped":0,"pct":100},"statements":{"total":41,"covered":32,"skipped":0,"pct":78.05},"branches":{"total":30,"covered":22,"skipped":0,"pct":73.33}}
,"/home/nicarao/STI2/Dev/ds-utilities/src/v7/functions/structure/reorderDs.fn.ts": {"lines":{"total":37,"covered":37,"skipped":0,"pct":100},"functions":{"total":6,"covered":6,"skipped":0,"pct":100},"statements":{"total":37,"covered":37,"skipped":0,"pct":100},"branches":{"total":10,"covered":9,"skipped":0,"pct":90}}
,"/home/nicarao/STI2/Dev/ds-utilities/src/v7/functions/structure/reorderDsNode.fn.ts": {"lines":{"total":34,"covered":32,"skipped":0,"pct":94.12},"functions":{"total":1,"covered":1,"skipped":0,"pct":100},"statements":{"total":34,"covered":32,"skipped":0,"pct":94.12},"branches":{"total":24,"covered":21,"skipped":0,"pct":87.5}}
,"/home/nicarao/STI2/Dev/ds-utilities/src/v7/functions/ui/getDataTypeLabel.fn.ts": {"lines":{"total":6,"covered":6,"skipped":0,"pct":100},"functions":{"total":1,"covered":1,"skipped":0,"pct":100},"statements":{"total":6,"covered":6,"skipped":0,"pct":100},"branches":{"total":2,"covered":2,"skipped":0,"pct":100}}
,"/home/nicarao/STI2/Dev/ds-utilities/src/v7/functions/ui/getDsAuthorName.fn.ts": {"lines":{"total":6,"covered":6,"skipped":0,"pct":100},"functions":{"total":1,"covered":1,"skipped":0,"pct":100},"statements":{"total":6,"covered":6,"skipped":0,"pct":100},"branches":{"total":4,"covered":4,"skipped":0,"pct":100}}
,"/home/nicarao/STI2/Dev/ds-utilities/src/v7/functions/ui/getDsDescription.fn.ts": {"lines":{"total":7,"covered":7,"skipped":0,"pct":100},"functions":{"total":1,"covered":1,"skipped":0,"pct":100},"statements":{"total":7,"covered":7,"skipped":0,"pct":100},"branches":{"total":2,"covered":2,"skipped":0,"pct":100}}
,"/home/nicarao/STI2/Dev/ds-utilities/src/v7/functions/ui/getDsExternalVocabularies.fn.ts": {"lines":{"total":7,"covered":7,"skipped":0,"pct":100},"functions":{"total":1,"covered":1,"skipped":0,"pct":100},"statements":{"total":7,"covered":7,"skipped":0,"pct":100},"branches":{"total":2,"covered":2,"skipped":0,"pct":100}}
,"/home/nicarao/STI2/Dev/ds-utilities/src/v7/functions/ui/getDsName.fn.ts": {"lines":{"total":7,"covered":7,"skipped":0,"pct":100},"functions":{"total":1,"covered":1,"skipped":0,"pct":100},"statements":{"total":7,"covered":7,"skipped":0,"pct":100},"branches":{"total":2,"covered":2,"skipped":0,"pct":100}}
,"/home/nicarao/STI2/Dev/ds-utilities/src/v7/functions/ui/getDsSchemaVersion.fn.ts": {"lines":{"total":6,"covered":6,"skipped":0,"pct":100},"functions":{"total":1,"covered":1,"skipped":0,"pct":100},"statements":{"total":6,"covered":6,"skipped":0,"pct":100},"branches":{"total":2,"covered":2,"skipped":0,"pct":100}}
,"/home/nicarao/STI2/Dev/ds-utilities/src/v7/functions/ui/getDsTargetClasses.fn.ts": {"lines":{"total":7,"covered":7,"skipped":0,"pct":100},"functions":{"total":1,"covered":1,"skipped":0,"pct":100},"statements":{"total":7,"covered":7,"skipped":0,"pct":100},"branches":{"total":2,"covered":2,"skipped":0,"pct":100}}
,"/home/nicarao/STI2/Dev/ds-utilities/src/v7/functions/ui/getDsVersion.fn.ts": {"lines":{"total":6,"covered":6,"skipped":0,"pct":100},"functions":{"total":1,"covered":1,"skipped":0,"pct":100},"statements":{"total":6,"covered":6,"skipped":0,"pct":100},"branches":{"total":2,"covered":2,"skipped":0,"pct":100}}
,"/home/nicarao/STI2/Dev/ds-utilities/src/v7/functions/verification/ErrorEntry.ts": {"lines":{"total":4,"covered":4,"skipped":0,"pct":100},"functions":{"total":1,"covered":1,"skipped":0,"pct":100},"statements":{"total":4,"covered":4,"skipped":0,"pct":100},"branches":{"total":0,"covered":0,"skipped":0,"pct":100}}
,"/home/nicarao/STI2/Dev/ds-utilities/src/v7/functions/verification/VerificationReport.ts": {"lines":{"total":15,"covered":14,"skipped":0,"pct":93.33},"functions":{"total":6,"covered":6,"skipped":0,"pct":100},"statements":{"total":15,"covered":14,"skipped":0,"pct":93.33},"branches":{"total":8,"covered":7,"skipped":0,"pct":87.5}}
,"/home/nicarao/STI2/Dev/ds-utilities/src/v7/functions/verification/checkClassMatch.fn.ts": {"lines":{"total":6,"covered":6,"skipped":0,"pct":100},"functions":{"total":3,"covered":3,"skipped":0,"pct":100},"statements":{"total":7,"covered":7,"skipped":0,"pct":100},"branches":{"total":0,"covered":0,"skipped":0,"pct":100}}
,"/home/nicarao/STI2/Dev/ds-utilities/src/v7/functions/verification/verifyDs.fn.ts": {"lines":{"total":126,"covered":121,"skipped":0,"pct":96.03},"functions":{"total":16,"covered":16,"skipped":0,"pct":100},"statements":{"total":128,"covered":123,"skipped":0,"pct":96.09},"branches":{"total":69,"covered":64,"skipped":0,"pct":92.75}}
}
